
INFO:root:Apple Pay Entry:Granted Access:14:56:59 on the 19-02-2016
INFO:root:08e6a600:Denied Access:15:54:45 on the 19-02-2016
INFO:root:08cd711a:Denied Access:15:56:18 on the 19-02-2016
INFO:root:Apple Pay Entry:Granted Access:15:58:15 on the 19-02-2016
INFO:root:Apple Pay Entry:Granted Access:16:14:18 on the 19-02-2016
INFO:root:c189fa1e:Granted Access:16:20:20 on the 19-02-2016
INFO:root:Apple Pay Entry:Granted Access:18:26:01 on the 19-02-2016
INFO:root:Apple Pay Entry:Granted Access:18:27:32 on the 19-02-2016
INFO:root:Apple Pay Entry:Granted Access:18:30:06 on the 19-02-2016
INFO:root:Apple Pay Entry:Granted Access:18:30:06 on the 19-02-2016
INFO:root:Apple Pay Entry:Granted Access:18:30:06 on the 19-02-2016
INFO:root:Apple Pay Entry:Granted Access:18:30:06 on the 19-02-2016
INFO:root:Apple Pay Entry:Granted Access:18:30:06 on the 19-02-2016
INFO:root:Apple Pay Entry:Granted Access:18:30:06 on the 19-02-2016
INFO:root:Apple Pay Entry:Granted Access:18:30:06 on the 19-02-2016
INFO:root:Apple Pay Entry:Granted Access:18:30:06 on the 19-02-2016
INFO:root:Apple Pay Entry:Granted Access:18:30:06 on the 19-02-2016
INFO:root:Apple Pay Entry:Granted Access:18:30:06 on the 19-02-2016
INFO:root:Apple Pay Entry:Granted Access:18:30:06 on the 19-02-2016
INFO:root:Apple Pay Entry:Granted Access:18:30:06 on the 19-02-2016
INFO:root:Apple Pay Entry:Granted Access:18:37:04 on the 19-02-2016
INFO:root:Apple Pay Entry:Granted Access:19:10:02 on the 19-02-2016
INFO:root:Apple Pay Entry:Granted Access:19:11:18 on the 19-02-2016
INFO:root:Apple Pay Entry:Granted Access:19:15:33 on the 19/02/2016
INFO:root:Apple Pay Entry:Granted Access:19:16:15 on the 19/02/2016
INFO:root:Apple Pay Entry:Granted Access:19:16:15 on the 19/02/2016
INFO:root:Apple Pay Entry:Granted Access:19:16:15 on the 19/02/2016
INFO:root:Apple Pay Entry:Granted Access:19:16:15 on the 19/02/2016
INFO:root:Apple Pay Entry:Granted Access:19:16:15 on the 19/02/2016
INFO:root:Apple Pay Entry:Granted Access:19:16:15 on the 19/02/2016
INFO:root:Apple Pay Entry:Granted Access:19:16:15 on the 19/02/2016
INFO:root:Apple Pay Entry:Granted Access:19:16:15 on the 19/02/2016
INFO:root:7177860f:Granted Access:19:37:15 on the 19/02/2016
INFO:root:34f21965:Denied Access:19:37:15 on the 19/02/2016
INFO:root:34f21965:Granted Access:19:47:21 on the 19/02/2016
INFO:root:Apple Pay Entry:Granted Access:19:47:21 on the 19/02/2016
INFO:root:Apple Pay Entry:Granted Access:19:48:40 on the 19/02/2016
INFO:root:34f21965:Granted Access:19:48:40 on the 19/02/2016
INFO:root:Apple Pay Entry:Granted Access:19:48:40 on the 19/02/2016
INFO:root:Apple Pay Entry:Granted Access:19:48:40 on the 19/02/2016
INFO:root:Apple Pay Entry:Granted Access:19:48:40 on the 19/02/2016
INFO:root:34f21965:Granted Access:20:06:13 on the 19/02/2016
INFO:root:34f21965:Granted Access:20:06:32 on the 19/02/2016
INFO:root:34f21965:Granted Access:20:06:44 on the 19/02/2016
INFO:root:Apple Pay Entry:Granted Access:20:07:27 on the 19/02/2016
INFO:root:Apple Pay Entry:Granted Access:20:07:27 on the 19/02/2016
INFO:root:7177860f:Granted Access:21:34:15 on the 19/02/2016
INFO:root:7177860f:Granted Access:21:34:15 on the 19/02/2016
INFO:root:c189fa1e:Granted Access:21:34:15 on the 19/02/2016
INFO:root:Apple Pay Entry:Granted Access:22:05:16 on the 19/02/2016
INFO:root:Apple Pay Entry:Granted Access:22:05:16 on the 19/02/2016
INFO:root:Apple Pay Entry:Granted Access:22:39:08 on the 19/02/2016
INFO:root:Apple Pay Entry:Granted Access:22:39:08 on the 19/02/2016
INFO:root:Apple Pay Entry:Granted Access:22:39:08 on the 19/02/2016
INFO:root:Apple Pay Entry:Granted Access:22:39:08 on the 19/02/2016
INFO:root:34f21965:Granted Access:10:41:47 on the 20/02/2016
INFO:root:Apple Pay Entry:Granted Access:10:41:47 on the 20/02/2016
INFO:root:Apple Pay Entry:Granted Access:11:34:13 on the 20/02/2016
INFO:root:c189fa1e:Granted Access:11:34:13 on the 20/02/2016
INFO:root:Apple Pay Entry:Granted Access:11:34:13 on the 20/02/2016
INFO:root:Apple Pay Entry:Granted Access:11:34:13 on the 20/02/2016
INFO:root:34f21965:Granted Access:11:34:13 on the 20/02/2016
INFO:root:Apple Pay Entry:Granted Access:11:34:13 on the 20/02/2016
INFO:root:Apple Pay Entry:Granted Access:11:34:13 on the 20/02/2016
INFO:root:Apple Pay Entry:Granted Access:11:34:13 on the 20/02/2016
INFO:root:34f21965:Granted Access:11:34:13 on the 20/02/2016
INFO:root:c189fa1e:Granted Access:11:34:13 on the 20/02/2016
INFO:root:34f21965:Granted Access:11:34:13 on the 20/02/2016
INFO:root:Apple Pay Entry:Granted Access:18:21:34 on the 20/02/2016
INFO:root:Apple Pay Entry:Granted Access:18:21:34 on the 20/02/2016
INFO:root:Apple Pay Entry:Granted Access:18:21:34 on the 20/02/2016
INFO:root:34f21965:Granted Access:18:21:34 on the 20/02/2016
INFO:root:Apple Pay Entry:Granted Access:18:21:34 on the 20/02/2016
INFO:root:34f21965:Granted Access:18:21:34 on the 20/02/2016
INFO:root:Apple Pay Entry:Granted Access:09:41:14 on the 21/02/2016
INFO:root:34f21965:Granted Access:09:41:14 on the 21/02/2016
INFO:root:Apple Pay Entry:Granted Access:09:41:14 on the 21/02/2016
INFO:root:c189fa1e:Granted Access:09:41:14 on the 21/02/2016
INFO:root:Apple Pay Entry:Granted Access:09:41:14 on the 21/02/2016
INFO:root:Apple Pay Entry:Granted Access:09:41:14 on the 21/02/2016
INFO:root:34f21965:Granted Access:09:41:14 on the 21/02/2016
INFO:root:Apple Pay Entry:Granted Access:09:41:14 on the 21/02/2016
INFO:root:c189fa1e:Granted Access:09:41:14 on the 21/02/2016
INFO:root:c189fa1e:Granted Access:09:41:14 on the 21/02/2016
INFO:root:c189fa1e:Granted Access:09:41:14 on the 21/02/2016
INFO:root:Apple Pay Entry:Granted Access:09:41:14 on the 21/02/2016
INFO:root:Apple Pay Entry:Granted Access:09:41:14 on the 21/02/2016
INFO:root:Apple Pay Entry:Granted Access:09:41:14 on the 21/02/2016
INFO:root:Apple Pay Entry:Granted Access:09:41:14 on the 21/02/2016
INFO:root:34f21965:Granted Access:09:41:14 on the 21/02/2016
INFO:root:Apple Pay Entry:Granted Access:09:41:14 on the 21/02/2016
INFO:root:34f21965:Granted Access:09:41:14 on the 21/02/2016
INFO:root:Apple Pay Entry:Granted Access:09:41:14 on the 21/02/2016
INFO:root:Apple Pay Entry:Granted Access:09:41:14 on the 21/02/2016
INFO:root:Apple Pay Entry:Granted Access:20:42:54 on the 21/02/2016
INFO:root:Apple Pay Entry:Granted Access:20:42:54 on the 21/02/2016
INFO:root:Apple Pay Entry:Granted Access:20:42:54 on the 21/02/2016
INFO:root:Apple Pay Entry:Granted Access:20:42:54 on the 21/02/2016
INFO:root:c189fa1e:Granted Access:20:42:54 on the 21/02/2016
INFO:root:Apple Pay Entry:Granted Access:21:31:38 on the 21/02/2016
INFO:root:Apple Pay Entry:Granted Access:21:31:38 on the 21/02/2016
